Start testing: May 09 00:37 EDT
----------------------------------------------------------
Unable to find executable: TEMPLATECPP_NOT_BUILT
1/3 Testing: TEMPLATECPP_NOT_BUILT
1/3 Test: TEMPLATECPP_NOT_BUILT
Command: ""
Directory: /home/vdc/dev/templateCpp/build/src
"TEMPLATECPP_NOT_BUILT" start time: 
Output:
----------------------------------------------------------
<end of output>
Test time =   0.00 sec
----------------------------------------------------------
Test Passed.
"TEMPLATECPP_NOT_BUILT" end time: May 09 00:37 EDT
"TEMPLATECPP_NOT_BUILT" time elapsed: 00:00:00
----------------------------------------------------------

Unable to find executable: TEMPLATECPP
2/3 Testing: GoogleTestDemo.cpp
2/3 Test: GoogleTestDemo.cpp
Command: ""
Directory: /home/vdc/dev/templateCpp/build/src
"GoogleTestDemo.cpp" start time: 
Output:
----------------------------------------------------------
<end of output>
Test time =   0.00 sec
----------------------------------------------------------
Test Passed.
"GoogleTestDemo.cpp" end time: May 09 00:37 EDT
"GoogleTestDemo.cpp" time elapsed: 00:00:00
----------------------------------------------------------

Unable to find executable: TEMPLATECPP
3/3 Testing: recursionUtils.cpp
3/3 Test: recursionUtils.cpp
Command: ""
Directory: /home/vdc/dev/templateCpp/build/src
"recursionUtils.cpp" start time: 
Output:
----------------------------------------------------------
<end of output>
Test time =   0.00 sec
----------------------------------------------------------
Test Passed.
"recursionUtils.cpp" end time: May 09 00:37 EDT
"recursionUtils.cpp" time elapsed: 00:00:00
----------------------------------------------------------

End testing: May 09 00:37 EDT
