Start testing: Apr 17 16:21 EDT
----------------------------------------------------------
1/2 Testing: TestTopic.TrivialEquality
1/2 Test: TestTopic.TrivialEquality
Command: "/home/vdc/dev/templateCpp/build/src/my_test" "--gtest_filter=TestTopic.TrivialEquality" "--gtest_also_run_disabled_tests"
Directory: /home/vdc/dev/templateCpp/build/src
"TestTopic.TrivialEquality" start time: Apr 17 16:21 EDT
Output:
----------------------------------------------------------
Running main() from /home/vdc/dev/templateCpp/external/googletest/googletest/src/gtest_main.cc
[0;33mNote: Google Test filter = TestTopic.TrivialEquality
[m[0;32m[==========] [mRunning 1 test from 1 test suite.
[0;32m[----------] [mGlobal test environment set-up.
[0;32m[----------] [m1 test from TestTopic
[0;32m[ RUN      ] [mTestTopic.TrivialEquality
[0;32m[       OK ] [mTestTopic.TrivialEquality (0 ms)
[0;32m[----------] [m1 test from TestTopic (0 ms total)

[0;32m[----------] [mGlobal test environment tear-down
[0;32m[==========] [m1 test from 1 test suite ran. (0 ms total)
[0;32m[  PASSED  ] [m1 test.
<end of output>
Test time =   0.01 sec
----------------------------------------------------------
Test Passed.
"TestTopic.TrivialEquality" end time: Apr 17 16:21 EDT
"TestTopic.TrivialEquality" time elapsed: 00:00:00
----------------------------------------------------------

2/2 Testing: TestTopic.MoreEqualityTests
2/2 Test: TestTopic.MoreEqualityTests
Command: "/home/vdc/dev/templateCpp/build/src/my_test" "--gtest_filter=TestTopic.MoreEqualityTests" "--gtest_also_run_disabled_tests"
Directory: /home/vdc/dev/templateCpp/build/src
"TestTopic.MoreEqualityTests" start time: Apr 17 16:21 EDT
Output:
----------------------------------------------------------
Running main() from /home/vdc/dev/templateCpp/external/googletest/googletest/src/gtest_main.cc
[0;33mNote: Google Test filter = TestTopic.MoreEqualityTests
[m[0;32m[==========] [mRunning 1 test from 1 test suite.
[0;32m[----------] [mGlobal test environment set-up.
[0;32m[----------] [m1 test from TestTopic
[0;32m[ RUN      ] [mTestTopic.MoreEqualityTests
[0;32m[       OK ] [mTestTopic.MoreEqualityTests (0 ms)
[0;32m[----------] [m1 test from TestTopic (0 ms total)

[0;32m[----------] [mGlobal test environment tear-down
[0;32m[==========] [m1 test from 1 test suite ran. (0 ms total)
[0;32m[  PASSED  ] [m1 test.
<end of output>
Test time =   0.00 sec
----------------------------------------------------------
Test Passed.
"TestTopic.MoreEqualityTests" end time: Apr 17 16:21 EDT
"TestTopic.MoreEqualityTests" time elapsed: 00:00:00
----------------------------------------------------------

End testing: Apr 17 16:21 EDT
